<?xml version="1.0" encoding="UTF-8"?>
<testng-results ignored="0" total="1" passed="1" failed="0" skipped="0">
  <reporter-output>
  </reporter-output>
  <suite started-at="2024-08-21T11:55:37 WIB" name="Surefire suite" finished-at="2024-08-21T11:55:54 WIB" duration-ms="17013">
    <groups>
      <group name="cucumber">
        <method signature="AbstractTestNGCucumberTests.runScenario(io.cucumber.testng.PickleWrapper,io.cucumber.testng.FeatureWrapper)[pri:0, instance:SETARA_Website.TestSuite@2462cb01]" name="runScenario" class="io.cucumber.testng.AbstractTestNGCucumberTests"/>
      </group> <!-- cucumber -->
    </groups>
    <test started-at="2024-08-21T11:55:37 WIB" name="Surefire test" finished-at="2024-08-21T11:55:54 WIB" duration-ms="17013">
      <class name="SETARA_Website.TestSuite">
        <test-method is-config="true" signature="setUpClass(org.testng.ITestContext)[pri:0, instance:SETARA_Website.TestSuite@2462cb01]" started-at="2024-08-21T11:55:37 WIB" name="setUpClass" finished-at="2024-08-21T11:55:37 WIB" duration-ms="666" status="PASS">
          <params>
            <param index="0">
              <value>
                <![CDATA[org.testng.TestRunner@78a8978a]]>
              </value>
            </param>
          </params>
          <reporter-output>
          </reporter-output>
        </test-method> <!-- setUpClass -->
        <test-method signature="runScenario(io.cucumber.testng.PickleWrapper,io.cucumber.testng.FeatureWrapper)[pri:0, instance:SETARA_Website.TestSuite@2462cb01]" started-at="2024-08-21T11:55:37 WIB" name="runScenario" description="Runs Cucumber Scenarios" data-provider="scenarios" finished-at="2024-08-21T11:55:54 WIB" duration-ms="16228" status="PASS">
          <params>
            <param index="0">
              <value>
                <![CDATA["Verify success login using valid username id and valid password [Positive]"]]>
              </value>
            </param>
            <param index="1">
              <value>
                <![CDATA["Login"]]>
              </value>
            </param>
          </params>
          <reporter-output>
          </reporter-output>
        </test-method> <!-- runScenario -->
        <test-method is-config="true" signature="tearDownClass()[pri:0, instance:SETARA_Website.TestSuite@2462cb01]" started-at="2024-08-21T11:55:54 WIB" name="tearDownClass" finished-at="2024-08-21T11:55:54 WIB" duration-ms="55" status="PASS">
          <reporter-output>
          </reporter-output>
        </test-method> <!-- tearDownClass -->
      </class> <!-- SETARA_Website.TestSuite -->
    </test> <!-- Surefire test -->
  </suite> <!-- Surefire suite -->
</testng-results>
