# JRE version: Java(TM) SE Runtime Environment 18.9 (11.0.16.1+1) (build 11.0.16.1+1-LTS-1)
# Java VM: Java HotSpot(TM) 64-Bit Server VM 18.9 (11.0.16.1+1-LTS-1, mixed mode, tiered, compressed oops, g1 gc, windows-amd64)
Heap:
 garbage-first heap   total 131072K, used 34689K [0x0000000081600000, 0x0000000100000000)
  region size 1024K, 23 young (23552K), 5 survivors (5120K)
 Metaspace       used 38954K, capacity 40584K, committed 40752K, reserved 1085440K
  class space    used 4669K, capacity 5357K, committed 5424K, reserved 1048576K
GC Heap History (10 events):
Event: 1.176 GC heap before
{Heap before GC invocations=0 (full 0):
 garbage-first heap   total 131072K, used 23552K [0x0000000081600000, 0x0000000100000000)
  region size 1024K, 24 young (24576K), 0 survivors (0K)
 Metaspace       used 8889K, capacity 8996K, committed 9088K, reserved 1056768K
  class space    used 808K, capacity 845K, committed 896K, reserved 1048576K
}
Event: 1.184 GC heap after
{Heap after GC invocations=1 (full 0):
 garbage-first heap   total 131072K, used 9498K [0x0000000081600000, 0x0000000100000000)
  region size 1024K, 3 young (3072K), 3 survivors (3072K)
 Metaspace       used 8889K, capacity 8996K, committed 9088K, reserved 1056768K
  class space    used 808K, capacity 845K, committed 896K, reserved 1048576K
}
Event: 2.999 GC heap before
{Heap before GC invocations=1 (full 0):
 garbage-first heap   total 131072K, used 79130K [0x0000000081600000, 0x0000000100000000)
  region size 1024K, 72 young (73728K), 3 survivors (3072K)
 Metaspace       used 20516K, capacity 21231K, committed 21296K, reserved 1069056K
  class space    used 2233K, capacity 2562K, committed 2608K, reserved 1048576K
}
Event: 3.008 GC heap after
{Heap after GC invocations=2 (full 0):
 garbage-first heap   total 131072K, used 12774K [0x0000000081600000, 0x0000000100000000)
  region size 1024K, 7 young (7168K), 7 survivors (7168K)
 Metaspace       used 20516K, capacity 21231K, committed 21296K, reserved 1069056K
  class space    used 2233K, capacity 2562K, committed 2608K, reserved 1048576K
}
Event: 3.606 GC heap before
{Heap before GC invocations=3 (full 0):
 garbage-first heap   total 131072K, used 47590K [0x0000000081600000, 0x0000000100000000)
  region size 1024K, 41 young (41984K), 7 survivors (7168K)
 Metaspace       used 24162K, capacity 25106K, committed 25264K, reserved 1071104K
  class space    used 2706K, capacity 3110K, committed 3248K, reserved 1048576K
}
Event: 3.618 GC heap after
{Heap after GC invocations=4 (full 0):
 garbage-first heap   total 131072K, used 13932K [0x0000000081600000, 0x0000000100000000)
  region size 1024K, 5 young (5120K), 5 survivors (5120K)
 Metaspace       used 24162K, capacity 25106K, committed 25264K, reserved 1071104K
  class space    used 2706K, capacity 3110K, committed 3248K, reserved 1048576K
}
Event: 8.445 GC heap before
{Heap before GC invocations=4 (full 0):
 garbage-first heap   total 131072K, used 85612K [0x0000000081600000, 0x0000000100000000)
  region size 1024K, 75 young (76800K), 5 survivors (5120K)
 Metaspace       used 31873K, capacity 33008K, committed 33200K, reserved 1079296K
  class space    used 3719K, capacity 4181K, committed 4272K, reserved 1048576K
}
Event: 8.451 GC heap after
{Heap after GC invocations=5 (full 0):
 garbage-first heap   total 131072K, used 15824K [0x0000000081600000, 0x0000000100000000)
  region size 1024K, 7 young (7168K), 7 survivors (7168K)
 Metaspace       used 31873K, capacity 33008K, committed 33200K, reserved 1079296K
  class space    used 3719K, capacity 4181K, committed 4272K, reserved 1048576K
}
Event: 8.670 GC heap before
{Heap before GC invocations=5 (full 0):
 garbage-first heap   total 131072K, used 25040K [0x0000000081600000, 0x0000000100000000)
  region size 1024K, 17 young (17408K), 7 survivors (7168K)
 Metaspace       used 34656K, capacity 35806K, committed 35888K, reserved 1081344K
  class space    used 4054K, capacity 4586K, committed 4656K, reserved 1048576K
}
Event: 8.677 GC heap after
{Heap after GC invocations=6 (full 0):
 garbage-first heap   total 131072K, used 17281K [0x0000000081600000, 0x0000000100000000)
  region size 1024K, 5 young (5120K), 5 survivors (5120K)
 Metaspace       used 34656K, capacity 35806K, committed 35888K, reserved 1081344K
  class space    used 4054K, capacity 4586K, committed 4656K, reserved 1048576K
}

