# JRE version: Java(TM) SE Runtime Environment 18.9 (11.0.16.1+1) (build 11.0.16.1+1-LTS-1)
# Java VM: Java HotSpot(TM) 64-Bit Server VM 18.9 (11.0.16.1+1-LTS-1, mixed mode, tiered, compressed oops, g1 gc, windows-amd64)
Heap:
 garbage-first heap   total 131072K, used 66786K [0x0000000081600000, 0x0000000100000000)
  region size 1024K, 58 young (59392K), 4 survivors (4096K)
 Metaspace       used 31172K, capacity 32420K, committed 32640K, reserved 1077248K
  class space    used 3694K, capacity 4220K, committed 4224K, reserved 1048576K
GC Heap History (6 events):
Event: 0.885 GC heap before
{Heap before GC invocations=0 (full 0):
 garbage-first heap   total 131072K, used 23552K [0x0000000081600000, 0x0000000100000000)
  region size 1024K, 24 young (24576K), 0 survivors (0K)
 Metaspace       used 10170K, capacity 10417K, committed 10624K, reserved 1058816K
  class space    used 989K, capacity 1102K, committed 1152K, reserved 1048576K
}
Event: 0.891 GC heap after
{Heap after GC invocations=1 (full 0):
 garbage-first heap   total 131072K, used 9320K [0x0000000081600000, 0x0000000100000000)
  region size 1024K, 3 young (3072K), 3 survivors (3072K)
 Metaspace       used 10170K, capacity 10417K, committed 10624K, reserved 1058816K
  class space    used 989K, capacity 1102K, committed 1152K, reserved 1048576K
}
Event: 2.308 GC heap before
{Heap before GC invocations=1 (full 0):
 garbage-first heap   total 131072K, used 84072K [0x0000000081600000, 0x0000000100000000)
  region size 1024K, 76 young (77824K), 3 survivors (3072K)
 Metaspace       used 20295K, capacity 20911K, committed 21120K, reserved 1069056K
  class space    used 2194K, capacity 2417K, committed 2432K, reserved 1048576K
}
Event: 2.315 GC heap after
{Heap after GC invocations=2 (full 0):
 garbage-first heap   total 131072K, used 12562K [0x0000000081600000, 0x0000000100000000)
  region size 1024K, 7 young (7168K), 7 survivors (7168K)
 Metaspace       used 20295K, capacity 20911K, committed 21120K, reserved 1069056K
  class space    used 2194K, capacity 2417K, committed 2432K, reserved 1048576K
}
Event: 2.350 GC heap before
{Heap before GC invocations=2 (full 0):
 garbage-first heap   total 131072K, used 13586K [0x0000000081600000, 0x0000000100000000)
  region size 1024K, 10 young (10240K), 7 survivors (7168K)
 Metaspace       used 20579K, capacity 21175K, committed 21296K, reserved 1069056K
  class space    used 2236K, capacity 2484K, committed 2560K, reserved 1048576K
}
Event: 2.358 GC heap after
{Heap after GC invocations=3 (full 0):
 garbage-first heap   total 131072K, used 12514K [0x0000000081600000, 0x0000000100000000)
  region size 1024K, 4 young (4096K), 4 survivors (4096K)
 Metaspace       used 20579K, capacity 21175K, committed 21296K, reserved 1069056K
  class space    used 2236K, capacity 2484K, committed 2560K, reserved 1048576K
}

